<?xml version="1.0" encoding="UTF-8"?>
<testsuite xmlns:xsi="http://www.w3.org/2001/XMLSchema-instance" xsi:noNamespaceSchemaLocation="https://maven.apache.org/surefire/maven-surefire-plugin/xsd/surefire-test-report.xsd" name="GuessTest" time="0.032" tests="1" errors="0" skipped="0" failures="1">
  <properties>
    <property name="sun.desktop" value="gnome"/>
    <property name="awt.toolkit" value="sun.awt.X11.XToolkit"/>
    <property name="file.encoding.pkg" value="sun.io"/>
    <property name="java.specification.version" value="1.8"/>
    <property name="sun.cpu.isalist" value=""/>
    <property name="sun.jnu.encoding" value="UTF-8"/>
    <property name="java.class.path" value="/home/luis/Dropbox/CS 342/P4/WordGuessTemplate/P4Server/target/test-classes:/home/luis/Dropbox/CS 342/P4/WordGuessTemplate/P4Server/target/classes:/home/luis/.m2/repository/org/junit/jupiter/junit-jupiter-api/5.4.2/junit-jupiter-api-5.4.2.jar:/home/luis/.m2/repository/org/apiguardian/apiguardian-api/1.0.0/apiguardian-api-1.0.0.jar:/home/luis/.m2/repository/org/opentest4j/opentest4j/1.1.1/opentest4j-1.1.1.jar:/home/luis/.m2/repository/org/junit/platform/junit-platform-commons/1.4.2/junit-platform-commons-1.4.2.jar:/home/luis/.m2/repository/org/junit/jupiter/junit-jupiter-engine/5.4.2/junit-jupiter-engine-5.4.2.jar:/home/luis/.m2/repository/org/junit/platform/junit-platform-engine/1.4.2/junit-platform-engine-1.4.2.jar:/home/luis/.m2/repository/org/junit/jupiter/junit-jupiter-params/5.4.2/junit-jupiter-params-5.4.2.jar:/home/luis/.m2/repository/org/openjfx/javafx-controls/12.0.1/javafx-controls-12.0.1.jar:/home/luis/.m2/repository/org/openjfx/javafx-controls/12.0.1/javafx-controls-12.0.1-linux.jar:/home/luis/.m2/repository/org/openjfx/javafx-graphics/12.0.1/javafx-graphics-12.0.1.jar:/home/luis/.m2/repository/org/openjfx/javafx-graphics/12.0.1/javafx-graphics-12.0.1-linux.jar:/home/luis/.m2/repository/org/openjfx/javafx-base/12.0.1/javafx-base-12.0.1.jar:/home/luis/.m2/repository/org/openjfx/javafx-base/12.0.1/javafx-base-12.0.1-linux.jar:/home/luis/.m2/repository/org/openjfx/javafx-fxml/12/javafx-fxml-12.jar:/home/luis/.m2/repository/org/openjfx/javafx-fxml/12/javafx-fxml-12-linux.jar:"/>
    <property name="java.vm.vendor" value="Oracle Corporation"/>
    <property name="sun.arch.data.model" value="64"/>
    <property name="java.vendor.url" value="http://java.oracle.com/"/>
    <property name="user.timezone" value=""/>
    <property name="java.vm.specification.version" value="1.8"/>
    <property name="os.name" value="Linux"/>
    <property name="sun.java.launcher" value="SUN_STANDARD"/>
    <property name="user.country" value="US"/>
    <property name="sun.boot.library.path" value="/usr/jdk/jre/lib/amd64"/>
    <property name="sun.java.command" value="/home/luis/Dropbox/CS 342/P4/WordGuessTemplate/P4Server/target/surefire/surefirebooter2532303370144509759.jar /home/luis/Dropbox/CS 342/P4/WordGuessTemplate/P4Server/target/surefire 2020-04-25T00-15-49_592-jvmRun1 surefire7030627859114252237tmp surefire_07324697198125567639tmp"/>
    <property name="surefire.test.class.path" value="/home/luis/Dropbox/CS 342/P4/WordGuessTemplate/P4Server/target/test-classes:/home/luis/Dropbox/CS 342/P4/WordGuessTemplate/P4Server/target/classes:/home/luis/.m2/repository/org/junit/jupiter/junit-jupiter-api/5.4.2/junit-jupiter-api-5.4.2.jar:/home/luis/.m2/repository/org/apiguardian/apiguardian-api/1.0.0/apiguardian-api-1.0.0.jar:/home/luis/.m2/repository/org/opentest4j/opentest4j/1.1.1/opentest4j-1.1.1.jar:/home/luis/.m2/repository/org/junit/platform/junit-platform-commons/1.4.2/junit-platform-commons-1.4.2.jar:/home/luis/.m2/repository/org/junit/jupiter/junit-jupiter-engine/5.4.2/junit-jupiter-engine-5.4.2.jar:/home/luis/.m2/repository/org/junit/platform/junit-platform-engine/1.4.2/junit-platform-engine-1.4.2.jar:/home/luis/.m2/repository/org/junit/jupiter/junit-jupiter-params/5.4.2/junit-jupiter-params-5.4.2.jar:/home/luis/.m2/repository/org/openjfx/javafx-controls/12.0.1/javafx-controls-12.0.1.jar:/home/luis/.m2/repository/org/openjfx/javafx-controls/12.0.1/javafx-controls-12.0.1-linux.jar:/home/luis/.m2/repository/org/openjfx/javafx-graphics/12.0.1/javafx-graphics-12.0.1.jar:/home/luis/.m2/repository/org/openjfx/javafx-graphics/12.0.1/javafx-graphics-12.0.1-linux.jar:/home/luis/.m2/repository/org/openjfx/javafx-base/12.0.1/javafx-base-12.0.1.jar:/home/luis/.m2/repository/org/openjfx/javafx-base/12.0.1/javafx-base-12.0.1-linux.jar:/home/luis/.m2/repository/org/openjfx/javafx-fxml/12/javafx-fxml-12.jar:/home/luis/.m2/repository/org/openjfx/javafx-fxml/12/javafx-fxml-12-linux.jar:"/>
    <property name="sun.cpu.endian" value="little"/>
    <property name="user.home" value="/home/luis"/>
    <property name="user.language" value="en"/>
    <property name="java.specification.vendor" value="Oracle Corporation"/>
    <property name="java.home" value="/usr/jdk/jre"/>
    <property name="basedir" value="/home/luis/Dropbox/CS 342/P4/WordGuessTemplate/P4Server"/>
    <property name="file.separator" value="/"/>
    <property name="line.separator" value="&#10;"/>
    <property name="java.vm.specification.vendor" value="Oracle Corporation"/>
    <property name="java.specification.name" value="Java Platform API Specification"/>
    <property name="java.awt.graphicsenv" value="sun.awt.X11GraphicsEnvironment"/>
    <property name="surefire.real.class.path" value="/home/luis/Dropbox/CS 342/P4/WordGuessTemplate/P4Server/target/surefire/surefirebooter2532303370144509759.jar"/>
    <property name="sun.boot.class.path" value="/usr/jdk/jre/lib/resources.jar:/usr/jdk/jre/lib/rt.jar:/usr/jdk/jre/lib/sunrsasign.jar:/usr/jdk/jre/lib/jsse.jar:/usr/jdk/jre/lib/jce.jar:/usr/jdk/jre/lib/charsets.jar:/usr/jdk/jre/lib/jfr.jar:/usr/jdk/jre/classes"/>
    <property name="sun.management.compiler" value="HotSpot 64-Bit Tiered Compilers"/>
    <property name="java.runtime.version" value="1.8.0_251-b08"/>
    <property name="user.name" value="luis"/>
    <property name="path.separator" value=":"/>
    <property name="os.version" value="5.3.0-46-generic"/>
    <property name="java.endorsed.dirs" value="/usr/jdk/jre/lib/endorsed"/>
    <property name="java.runtime.name" value="Java(TM) SE Runtime Environment"/>
    <property name="file.encoding" value="UTF-8"/>
    <property name="java.vm.name" value="Java HotSpot(TM) 64-Bit Server VM"/>
    <property name="maven.ext.class.path" value="/home/luis/netbeans-8.2/java/maven-nblib/netbeans-eventspy.jar"/>
    <property name="localRepository" value="/home/luis/.m2/repository"/>
    <property name="java.vendor.url.bug" value="http://bugreport.sun.com/bugreport/"/>
    <property name="java.io.tmpdir" value="/tmp"/>
    <property name="java.version" value="1.8.0_251"/>
    <property name="user.dir" value="/home/luis/Dropbox/CS 342/P4/WordGuessTemplate/P4Server"/>
    <property name="os.arch" value="amd64"/>
    <property name="java.vm.specification.name" value="Java Virtual Machine Specification"/>
    <property name="java.awt.printerjob" value="sun.print.PSPrinterJob"/>
    <property name="sun.os.patch.level" value="unknown"/>
    <property name="java.library.path" value="/usr/jdk/jre/lib/amd64:/usr/jdk/jre/lib/i386::/usr/java/packages/lib/amd64:/usr/lib64:/lib64:/lib:/usr/lib"/>
    <property name="java.vm.info" value="mixed mode"/>
    <property name="java.vendor" value="Oracle Corporation"/>
    <property name="java.vm.version" value="25.251-b08"/>
    <property name="java.ext.dirs" value="/usr/jdk/jre/lib/ext:/usr/java/packages/lib/ext"/>
    <property name="sun.io.unicode.encoding" value="UnicodeLittle"/>
    <property name="java.class.version" value="52.0"/>
  </properties>
  <testcase name="test" classname="GuessTest" time="0.02">
    <failure message="Not yet implemented" type="org.opentest4j.AssertionFailedError">org.opentest4j.AssertionFailedError: Not yet implemented
	at GuessTest.test(GuessTest.java:14)
</failure>
  </testcase>
</testsuite>